<?xml version="1.0" encoding="UTF-8"?>
<!-- Generated by org.testng.reporters.JUnitReportReporter -->
<testsuite hostname="LTIN552755" failures="0" tests="3" name="ExtentReportTest.ExtentAllTestCases" time="74.351" errors="0" timestamp="2024-11-07T10:32:16 IST" skipped="0">
  <testcase classname="ExtentReportTest.ExtentAllTestCases" name="upComingHondaBikes" time="44.192"/>
  <testcase classname="ExtentReportTest.ExtentAllTestCases" name="usedCars" time="11.435"/>
  <testcase classname="ExtentReportTest.ExtentAllTestCases" name="signUp" time="18.724"/>
</testsuite> <!-- ExtentReportTest.ExtentAllTestCases -->
