<?xml version="1.0" encoding="UTF-8"?>
<!-- Generated by org.testng.reporters.JUnitReportReporter -->
<testsuite hostname="LTIN552755" failures="0" tests="3" name="BuildVerificationTest.SmokeTest" time="16.148" errors="0" timestamp="2024-11-02T23:04:58 IST" skipped="0">
  <testcase classname="BuildVerificationTest.SmokeTest" name="upComingBikes" time="3.277"/>
  <testcase classname="BuildVerificationTest.SmokeTest" name="testUsedCarsSearch" time="9.451"/>
  <testcase classname="BuildVerificationTest.SmokeTest" name="signInTests" time="3.420"/>
</testsuite> <!-- BuildVerificationTest.SmokeTest -->
