<?xml version="1.0" encoding="UTF-8"?>
<!-- Generated by org.testng.reporters.JUnitReportReporter -->
<testsuite hostname="LTIN486086" failures="0" tests="1" name="code.signInTest" time="55.650" errors="0" timestamp="2024-10-25T16:30:43 IST" skipped="0">
  <testcase classname="code.signInTest" name="googleSiginIn" time="55.650"/>
</testsuite> <!-- code.signInTest -->
