<?xml version="1.0" encoding="UTF-8"?>
<!-- Generated by org.testng.reporters.JUnitReportReporter -->
<testsuite hostname="LTIN552755" failures="0" tests="3" name="code.testClass" time="43.401" errors="0" timestamp="2024-10-28T15:02:45 IST" skipped="0">
  <testcase classname="code.testClass" name="upComingBikes" time="13.454"/>
  <testcase classname="code.testClass" name="testUsedCarsSearch" time="13.002"/>
  <testcase classname="code.testClass" name="signInTests" time="16.945"/>
</testsuite> <!-- code.testClass -->
