<?xml version="1.0" encoding="UTF-8"?>
<!-- Generated by org.testng.reporters.JUnitReportReporter -->
<testsuite hostname="LTIN552755" failures="0" tests="3" name="BuildVerificationTest.RegressionTest" time="40.166" errors="0" timestamp="2024-11-02T23:03:30 IST" skipped="0">
  <testcase classname="BuildVerificationTest.RegressionTest" name="upComingBikes" time="12.172"/>
  <testcase classname="BuildVerificationTest.RegressionTest" name="testUsedCarsSearch" time="11.993"/>
  <testcase classname="BuildVerificationTest.RegressionTest" name="signInTests" time="16.001"/>
</testsuite> <!-- BuildVerificationTest.RegressionTest -->
