<?xml version="1.0" encoding="UTF-8"?>
<!-- Generated by org.testng.reporters.JUnitReportReporter -->
<testsuite hostname="LTIN552755" failures="0" tests="1" name="code.carTest" time="36.761" errors="0" timestamp="2024-10-28T11:01:16 IST" skipped="0">
  <testcase classname="code.carTest" name="testUsedCarsSearch" time="36.761"/>
</testsuite> <!-- code.carTest -->
