<?xml version="1.0" encoding="UTF-8"?>
<!-- Generated by org.testng.reporters.JUnitReportReporter -->
<testsuite hostname="LTIN552755" failures="0" tests="3" name="ExtentReportTest.ExtentAllTestCases" time="60.782" errors="0" timestamp="2024-11-06T14:33:59 IST" skipped="0">
  <testcase classname="ExtentReportTest.ExtentAllTestCases" name="upComingHondaBikes" time="26.357"/>
  <testcase classname="ExtentReportTest.ExtentAllTestCases" name="usedCars" time="15.168"/>
  <testcase classname="ExtentReportTest.ExtentAllTestCases" name="signUp" time="19.257"/>
</testsuite> <!-- ExtentReportTest.ExtentAllTestCases -->
